<?xml version="1.0" encoding="UTF-8"?>
<testsuite xmlns:xsi="http://www.w3.org/2001/XMLSchema-instance" xsi:noNamespaceSchemaLocation="https://maven.apache.org/surefire/maven-surefire-plugin/xsd/surefire-test-report-3.0.xsd" version="3.0" name="edu.brown.cs.student.broadbandTests.BroadbandHandlerTest" time="0.715" tests="7" errors="0" skipped="0" failures="0">
  <properties>
[...]
</properties>
  <testcase name="testStateMissingInQuery" classname="edu.brown.cs.student.broadbandTests.BroadbandHandlerTest" time="0.533">
    <system-err><![CDATA[SLF4J: Failed to load class "org.slf4j.impl.StaticLoggerBinder".
SLF4J: Defaulting to no-operation (NOP) logger implementation
SLF4J: See http://www.slf4j.org/codes.html#StaticLoggerBinder for further details.
]]></system-err>
  </testcase>
  <testcase name="testCountyNotInState" classname="edu.brown.cs.student.broadbandTests.BroadbandHandlerTest" time="0.025"/>
  <testcase name="testBothMissingInQuery" classname="edu.brown.cs.student.broadbandTests.BroadbandHandlerTest" time="0.012"/>
  <testcase name="testCountyMissingInQuery" classname="edu.brown.cs.student.broadbandTests.BroadbandHandlerTest" time="0.019"/>
  <testcase name="testBasicSuccess" classname="edu.brown.cs.student.broadbandTests.BroadbandHandlerTest" time="0.04">
    <system-out><![CDATA[called load for: state: 06, county: 059
CacheStats{hitCount=0, missCount=1, loadSuccessCount=1, loadExceptionCount=0, totalLoadTime=2354000, evictionCount=0}
]]></system-out>
  </testcase>
  <testcase name="testStateDoesNotExist" classname="edu.brown.cs.student.broadbandTests.BroadbandHandlerTest" time="0.018"/>
  <testcase name="testSaveStateCode" classname="edu.brown.cs.student.broadbandTests.BroadbandHandlerTest" time="0.008"/>
</testsuite>